#{"solver": {"engine": {"type": "ExactEngine"}, "semiring": "GraphSemiring"}, "networks": [{"name": "mnist_net", "module": "MNIST_Net(\n  (softmax): Softmax(dim=1)\n  (encoder): Sequential(\n    (0): Conv2d(1, 6, kernel_size=(5, 5), stride=(1, 1))\n    (1): MaxPool2d(kernel_size=2, stride=2, padding=0, dilation=1, ceil_mode=False)\n    (2): ReLU(inplace=True)\n    (3): Conv2d(6, 16, kernel_size=(5, 5), stride=(1, 1))\n    (4): MaxPool2d(kernel_size=2, stride=2, padding=0, dilation=1, ceil_mode=False)\n    (5): ReLU(inplace=True)\n  )\n  (classifier): Sequential(\n    (0): Linear(in_features=256, out_features=120, bias=True)\n    (1): ReLU()\n    (2): Linear(in_features=120, out_features=84, bias=True)\n    (3): ReLU()\n    (4): Linear(in_features=84, out_features=10, bias=True)\n  )\n)", "optimizer": "Adam (\nParameter Group 0\n    amsgrad: False\n    betas: (0.9, 0.999)\n    capturable: False\n    differentiable: False\n    eps: 1e-08\n    foreach: None\n    fused: None\n    lr: 0.001\n    maximize: False\n    weight_decay: 0\n)", "k": null}], "program": "nn(mnist_net,[X],Y,[0, 1, 2, 3, 4, 5, 6, 7, 8, 9])::digit(X,Y).\nnumber([],Result,Result).\nnumber([H | T],Acc,Result) :- digit(H,Nr), Acc2 is Nr+10*Acc, number(T,Acc2,Result).\nnumber(X,Y) :- number(X,0,Y).\nmulti_addition(X,Y,Z) :- number(X,X2), number(Y,Y2), Z is X2+Y2.\naddition(X,Y,Z) :- digit(X,X2), digit(Y,Y2), Z is X2+Y2.\n"}
#Accuracy 0.9558
i,time,loss,ground_time,compile_time,eval_time
100,3.775969982147217,2.7618419885635377,0.03775253415107727,0.008930538892745971,0.01041318416595459
200,5.823058843612671,2.645416483283043,0.03551668643951416,0.009391041994094849,0.008571912050247193
300,7.873942852020264,2.377090883255005,0.03635617852210998,0.008955005407333374,0.008604685068130493
400,9.940342903137207,2.063388971090317,0.035732026100158694,0.0091946280002594,0.00867971897125244
500,11.972661972045898,1.233605226170621,0.036681615114212036,0.008921071290969848,0.0082787823677063
600,13.996654033660889,0.7712236148188822,0.03603374600410461,0.009063947200775146,0.008282783031463624
700,15.968538999557495,0.8380655505455797,0.03370288372039795,0.009048917293548585,0.008155745267868043
800,18.100658893585205,0.6125255999944056,0.03887323021888733,0.009210354089736939,0.008604825735092162
900,20.02675700187683,0.6375605758192251,0.03667665839195251,0.009523845911026,0.007960286140441895
1000,22.103568077087402,0.4359123448922764,0.03811942458152771,0.009323673248291016,0.00846886396408081
1100,24.06277298927307,0.4411057123337832,0.03735760807991028,0.009248437881469727,0.00786316156387329
1200,26.086151123046875,0.4282853454633732,0.03531286954879761,0.008774493932723998,0.008223483562469483
1300,27.964900970458984,0.37937017324136835,0.03303099155426025,0.00913413405418396,0.007760508060455322
1400,29.847607851028442,0.3546235506828039,0.03725659132003784,0.009413198232650757,0.007633366584777832
1500,31.79102087020874,0.476158625153912,0.03377662777900696,0.008723523616790772,0.008000580072402954
1600,33.70119094848633,0.20094159401188336,0.031308505535125736,0.00888055682182312,0.007694486379623413
1700,35.73130989074707,0.355685790761836,0.03322767734527588,0.00896962285041809,0.008139865398406982
1800,37.602566957473755,0.42885126328554973,0.04096862077713013,0.009479539394378662,0.007797482013702392
1900,39.456356048583984,0.3814305640447128,0.03293679714202881,0.008944133520126343,0.007611181735992432
2000,41.26241493225098,0.4395011418318559,0.03815227031707764,0.009146009683609008,0.007462135553359985
2100,43.06979703903198,0.34907343624858184,0.03749263644218445,0.009174983501434326,0.007491844892501831
2200,44.89122700691223,0.4921575699819186,0.03848795533180237,0.00924812912940979,0.007532870769500733
2300,46.873066902160645,0.29093684161905914,0.03565163850784302,0.009141802787780762,0.007715660333633423
2400,48.79513382911682,0.42389944282011127,0.040429222583770755,0.009445148706436157,0.007766581773757934
2500,50.591038942337036,0.1671378987632256,0.03433993458747864,0.009281786680221558,0.00733829140663147
2600,52.39616084098816,0.30172530373132667,0.03567985892295837,0.009392101764678955,0.007314009666442871
2700,54.12650108337402,0.13188262213946836,0.03494620561599732,0.009112005233764648,0.00706123948097229
2800,55.98141288757324,0.3135694748815858,0.035854785442352294,0.00924349308013916,0.007527151107788086
2900,57.8619499206543,0.34115472668156144,0.034822677373886106,0.009348379373550415,0.007599090337753296
3000,59.70759701728821,0.30497843372140276,0.03595703840255737,0.009300687313079835,0.00765485405921936
3100,61.46476674079895,0.21968737697305596,0.03240086317062378,0.009175411462783813,0.007242305278778076
3200,63.226500034332275,0.301727857430236,0.03416499614715576,0.009365143775939942,0.00719618558883667
3300,65.15342307090759,0.3522774629278683,0.038422738313674924,0.009375525712966919,0.007775459289550781
3400,67.06486392021179,0.22965715981110815,0.036120808124542235,0.009037120342254639,0.007679911851882934
3500,68.8889479637146,0.2626883297977929,0.038264650106430056,0.009233533143997193,0.0074626517295837405
3600,70.73818492889404,0.30563762388597754,0.03605013847351074,0.008999600410461425,0.00753780722618103
3700,72.62108993530273,0.3071372985790549,0.035354145765304566,0.0089791738986969,0.007681758403778076
3800,74.40156579017639,0.22589452853712577,0.03559986472129822,0.009061695337295532,0.007312031984329223
3900,76.21355104446411,0.23250353725877584,0.03517360806465149,0.008994605541229248,0.0074898159503936764
4000,77.9466609954834,0.28115866343620793,0.03447606325149536,0.009075393676757812,0.0071629822254180905
4100,79.66567492485046,0.1524906499805534,0.03817803740501404,0.00931147575378418,0.007101470232009887
4200,81.36940574645996,0.27505487763029907,0.040125324726104736,0.009402027130126953,0.007030807733535767
4300,83.20875883102417,0.18217000577119322,0.03784643888473511,0.009138453006744384,0.007338922023773193
4400,84.9553279876709,0.3656317047360339,0.039751311540603636,0.009030290842056275,0.007157211303710938
4500,86.7696328163147,0.2771023524585907,0.035659886598587036,0.008989777565002442,0.007471052408218384
4600,88.59937691688538,0.15620721437793417,0.03777220368385315,0.00926093578338623,0.0073042833805084225
4700,90.37867307662964,0.21929520266233157,0.035620903968811034,0.009229792356491089,0.007260340452194214
4800,92.1747670173645,0.08681044838919981,0.03730712532997131,0.008875998258590699,0.007256942987442017
4900,93.967129945755,0.2305607663729851,0.0317061197757721,0.008887557983398438,0.007288274765014649
5000,95.7170798778534,0.13247963090481546,0.03672227144241333,0.008801394701004028,0.006990563869476318
5100,97.42665386199951,0.26339261237755357,0.03507604360580444,0.00931566596031189,0.007049235105514526
5200,99.09897685050964,0.17592456937091763,0.041485315561294554,0.009171651601791382,0.006872648000717163
5300,100.88102293014526,0.14689407988795541,0.040296939611434934,0.00952979564666748,0.007367814779281616
5400,102.63541173934937,0.07151416855068601,0.03671848177909851,0.008757244348526,0.007048004865646362
5500,104.34220695495605,0.14398037982827275,0.03234604597091675,0.008822151422500611,0.006796263456344605
5600,106.07690596580505,0.27543715140279984,0.03707298398017883,0.008996206521987914,0.007065728902816772
5700,107.943608045578,0.26448866377227115,0.033464579582214354,0.008718211650848389,0.007479349374771118
5800,109.61744499206543,0.1588222572878135,0.03586881399154663,0.00902071475982666,0.006838252544403076
5900,111.40336608886719,0.16155963789318156,0.03796841859817505,0.009161150455474854,0.007037053108215332
6000,113.11740684509277,0.23344042305848423,0.03684853434562683,0.008879925012588502,0.0069569993019104005
6100,114.90463995933533,0.20047743025453563,0.03497379660606384,0.008954955339431763,0.007184722423553467
6200,116.62691974639893,0.2100101884190494,0.037947715520858766,0.009224684238433837,0.0070687150955200196
6300,118.33614587783813,0.17662735451065825,0.0354858148097992,0.009169325828552247,0.007056813240051269
6400,120.04211187362671,0.14118406376271292,0.037735886573791504,0.009120304584503174,0.007001043558120728
6500,121.75615406036377,0.37716329315847374,0.037914804220199584,0.009077759981155396,0.006898965835571289
6600,123.44721388816833,0.1280699666409636,0.040110247135162355,0.009320676326751709,0.006848052740097046
6700,125.2142539024353,0.38731792508084195,0.03984487414360047,0.009279464483261108,0.007178614139556885
6800,127.03573799133301,0.2675023922632672,0.03959217071533203,0.009151479005813598,0.007299679517745972
6900,128.7608938217163,0.17252187531750673,0.03553836584091186,0.008908474445343017,0.007031316757202148
7000,130.48910880088806,0.11566355808785739,0.0332810640335083,0.008762316703796387,0.006983833312988281
7100,132.249342918396,0.14031503544177165,0.03725944757461548,0.008997511863708497,0.006977459192276001
7200,133.9580159187317,0.24181010427608693,0.04236249923706055,0.00944047212600708,0.006971840858459473
7300,135.8187530040741,0.20279485274639952,0.03728689432144165,0.009189331531524658,0.0075820982456207275
7400,137.54504108428955,0.19901145509633975,0.03684126615524292,0.009010581970214844,0.006998125314712524
7500,139.3042118549347,0.1480738906231586,0.03513688683509827,0.00938091516494751,0.0072007524967193605
7600,141.1158368587494,0.14809252044846033,0.03459951996803284,0.008820980787277222,0.007127225399017334
7700,142.88805079460144,0.2089981907619171,0.03860519886016846,0.009268531799316406,0.006961895227432251
7800,144.6629559993744,0.2616666618279168,0.03891421556472778,0.00892661213874817,0.006878055334091186
7900,146.41289687156677,0.25543997303202876,0.036888861656188966,0.009197204113006592,0.007132338285446167
8000,148.1876950263977,0.2597031042089577,0.03626849293708801,0.008998408317565917,0.007170990705490112
8100,150.067321062088,0.18506954657510868,0.03377065062522888,0.009031130075454712,0.007435290813446045
8200,151.92484283447266,0.23473499447121227,0.03375806331634521,0.009255445003509522,0.00715855360031128
8300,153.76419401168823,0.1573554174710291,0.037576295137405395,0.00951090931892395,0.007214041948318481
8400,155.52040886878967,0.16097184751482654,0.042954097986221317,0.00921815037727356,0.007089415788650513
8500,157.25800681114197,0.1339813210784991,0.033843687772750854,0.008931008577346801,0.006944844722747803
8600,158.9619140625,0.08851312026210731,0.03710545420646667,0.009219872951507568,0.006876535415649414
8700,160.70094680786133,0.22968898919009714,0.03605924606323242,0.008976465463638306,0.006965830326080323
8800,162.60543394088745,0.249115201251109,0.03426838278770447,0.00905485987663269,0.007488123178482056
8900,164.37921977043152,0.14865305451301414,0.0368423867225647,0.009232140779495239,0.007057182788848877
9000,166.1044111251831,0.2028480199509128,0.03362367868423462,0.008864245414733886,0.00696040153503418
9100,167.8100938796997,0.15883699519280342,0.03205020308494568,0.00894579291343689,0.007003682851791382
9200,169.53060483932495,0.17702949235067758,0.036122580766677855,0.009033284187316894,0.00705068826675415
9300,171.27479887008667,0.19372427031634196,0.03374867081642151,0.009217256307601928,0.007118440866470337
9400,173.0551300048828,0.2255529910117007,0.03950841188430786,0.009297137260437011,0.007113432884216309
9500,174.90892577171326,0.25200008349134895,0.0358404541015625,0.008793935775756836,0.007379156351089477
9600,176.65038204193115,0.09896796562263667,0.03765071272850037,0.009171749353408814,0.007075036764144897
9700,178.31507897377014,0.18520451245533287,0.035577183961868285,0.00892140507698059,0.006802397966384888
9800,180.0080418586731,0.08428887926816588,0.037646703720092774,0.0091030752658844,0.006873102188110352
9900,181.85980105400085,0.382527266157638,0.03759844183921814,0.00919063925743103,0.007485795021057129
10000,183.5830249786377,0.2201561270913362,0.0412672209739685,0.00968297839164734,0.007086557149887085
10100,185.29780912399292,0.2183262501253041,0.03607047080993652,0.008918774127960206,0.007008715867996216
10200,187.04852485656738,0.19105248419765256,0.03573965430259705,0.009296208620071411,0.007112151384353638
10300,188.7950508594513,0.16094567894651596,0.03609188318252563,0.009201219081878662,0.007098876237869263
10400,190.5667760372162,0.35241567988861694,0.03527174592018127,0.00915297269821167,0.007308603525161743
10500,192.40433287620544,0.15929366825419902,0.034429683685302734,0.009128284454345704,0.007376010417938232
10600,194.26113772392273,0.1501306246605566,0.03930305123329163,0.009201769828796386,0.007502807378768921
10700,196.0123188495636,0.22756225705267552,0.03200684666633606,0.009049220085144043,0.007029696702957154
10800,197.76369094848633,0.2198178974440075,0.035226718187332154,0.008641643524169922,0.007116305828094483
10900,199.6001169681549,0.1463806709510684,0.04125873327255249,0.008981271982192993,0.007500288486480713
11000,201.30060696601868,0.15259133637958233,0.03355237126350403,0.00944006085395813,0.006839612722396851
11100,203.08257699012756,0.19546115571691597,0.03310821771621704,0.009024033546447754,0.006903688907623291
11200,204.79893279075623,0.11025030842414071,0.03956202149391174,0.009335871934890747,0.006862865686416626
11300,206.46056485176086,0.19818970269324576,0.03940709352493286,0.009657219648361207,0.00679377794265747
11400,208.11389589309692,0.13101545338020426,0.03475885510444641,0.009131300449371337,0.006789379119873047
11500,209.85063695907593,0.1878953025935995,0.037123868465423586,0.009197776317596435,0.006964079141616821
11600,211.45868301391602,0.22152284875523734,0.03364725708961487,0.008994311094284058,0.0065917885303497315
11700,213.03657579421997,0.1115846199812058,0.03995161771774292,0.009201009273529053,0.006441411972045899
11800,214.77250504493713,0.14936736149608024,0.03586487770080567,0.009040353298187255,0.006762890815734863
11900,216.5079951286316,0.2509098753980961,0.03614246726036072,0.008920732736587524,0.007092922925949097
12000,218.2313277721405,0.19488492367924387,0.033380292654037476,0.009123486280441285,0.006931031942367554
12100,219.9296088218689,0.17300664543092167,0.03621419191360473,0.009086164236068726,0.006885478496551514
12200,221.54374194145203,0.06284800997366619,0.031940282583236695,0.009195131063461304,0.006556307077407837
12300,223.2303431034088,0.31426075666615044,0.035647879838943484,0.009009630680084228,0.006941394805908203
12400,225.17674899101257,0.19360354985020467,0.03506624817848206,0.00918257713317871,0.007494039535522461
12500,227.05909180641174,0.16840247560069335,0.03450379848480225,0.008997377157211304,0.0071387732028961185
12600,228.84915804862976,0.24354007014523135,0.03479990243911743,0.009409923553466797,0.0071645379066467285
12700,230.5393147468567,0.1169046699449617,0.03612827897071838,0.009170538187026978,0.0068054389953613285
12800,232.24852085113525,0.10675400076932609,0.03562029242515564,0.009069042205810547,0.006882203817367554
12900,233.97107076644897,0.18595031944567647,0.035234572887420657,0.009210845232009887,0.006809449195861817
13000,235.70338797569275,0.1632275683897457,0.04070623159408569,0.009452875852584839,0.006802026033401489
13100,237.36211585998535,0.1262834266481251,0.03858307600021362,0.008831241130828858,0.00672083854675293
13200,239.10029983520508,0.130260184346075,0.03460473775863648,0.009556466341018676,0.006984143257141113
13300,240.86971473693848,0.24977786983982508,0.034091966152191164,0.00908502697944641,0.00693945050239563
13400,242.5852930545807,0.21960302225358916,0.03604538559913635,0.008814888000488281,0.006868524551391602
13500,244.39003801345825,0.10913214197989646,0.03639593839645386,0.009266802072525025,0.0071186327934265135
13600,246.37650394439697,0.09670917462158922,0.032586692571640014,0.009403471946716308,0.007392911911010742
13700,248.07964205741882,0.12414029145866107,0.03786279320716858,0.00905092477798462,0.006719667911529541
13800,249.71073389053345,0.13152059559496834,0.03894993901252747,0.009002500772476196,0.006712732315063477
13900,251.31537199020386,0.08518310852151202,0.03359877586364746,0.008837345838546753,0.006504037380218506
14000,252.9244110584259,0.14980914305374118,0.037925710678100584,0.009625695943832398,0.006587008237838745
14100,254.5510151386261,0.10327228191918561,0.0360063648223877,0.00918553113937378,0.006691187620162964
14200,256.18614888191223,0.13577016547162502,0.0371416437625885,0.008736106157302857,0.00659852147102356
14300,257.79436683654785,0.10326852464490557,0.034655905961990356,0.009290530681610107,0.006584706306457519
14400,259.69901514053345,0.12670645702591027,0.038241046667099,0.009293569326400757,0.006846529245376587
14500,261.4626410007477,0.15630371151719644,0.034201008081436154,0.009047775268554688,0.006922426223754882
14600,263.40723490715027,0.15485414156309937,0.039252511262893676,0.008883377313613891,0.006791262626647949
14700,265.183700799942,0.021660622037151515,0.03428452491760254,0.008898575305938721,0.006740001440048218
14800,266.92204093933105,0.033538107440821155,0.03698724627494812,0.008790440559387207,0.00664094090461731
14900,268.6823539733887,0.050259256327210775,0.034844440221786496,0.008867250680923462,0.006767069101333618
15000,270.4368920326233,0.41990220656610333,0.038216313123703,0.008930649757385254,0.006975440979003906